\BOOKMARK [1][-]{section.1}{1 Derivadas}{}% 1
\BOOKMARK [2][-]{subsection.1.1}{1.1 Funciones}{section.1}% 2
\BOOKMARK [3][-]{subsubsection.1.1.1}{1.1.1 Definici\363n de funci\363n.}{subsection.1.1}% 3
\BOOKMARK [3][-]{subsubsection.1.1.2}{1.1.2 Funciones lineales}{subsection.1.1}% 4
\BOOKMARK [2][-]{subsection.1.2}{1.2 L\355mites de funciones}{section.1}% 5
\BOOKMARK [3][-]{subsubsection.1.2.1}{1.2.1 Definici\363n de l\355mites}{subsection.1.2}% 6
\BOOKMARK [3][-]{subsubsection.1.2.2}{1.2.2 Reglas de los l\355mites}{subsection.1.2}% 7
\BOOKMARK [3][-]{subsubsection.1.2.3}{1.2.3 l\355mites al infinito}{subsection.1.2}% 8
\BOOKMARK [2][-]{subsection.1.3}{1.3 C\341lculo diferencial}{section.1}% 9
\BOOKMARK [3][-]{subsubsection.1.3.1}{1.3.1 Definici\363n de derivada}{subsection.1.3}% 10
\BOOKMARK [3][-]{subsubsection.1.3.2}{1.3.2 Reglas b\341sicas de la derivaci\363n.}{subsection.1.3}% 11
\BOOKMARK [3][-]{subsubsection.1.3.3}{1.3.3 Tasas de crecimiento porcentual}{subsection.1.3}% 12
\BOOKMARK [3][-]{subsubsection.1.3.4}{1.3.4 Regla de la cadena}{subsection.1.3}% 13
\BOOKMARK [3][-]{subsubsection.1.3.5}{1.3.5 Derivadas de funciones exponenciales y logar\355tmicas}{subsection.1.3}% 14
\BOOKMARK [3][-]{subsubsection.1.3.6}{1.3.6 Derivaci\363n de funciones trigonom\351tricas}{subsection.1.3}% 15
\BOOKMARK [2][-]{subsection.1.4}{1.4 Derivadas impl\355citas}{section.1}% 16
\BOOKMARK [2][-]{subsection.1.5}{1.5 Derivadas sucesivas o de orden superior}{section.1}% 17
\BOOKMARK [2][-]{subsection.1.6}{1.6 Funciones continuas, crecientes e inversas}{section.1}% 18
\BOOKMARK [1][-]{section.2}{2 Optimizaci\363n libre con una variable}{}% 19
\BOOKMARK [2][-]{subsection.2.1}{2.1 M\341ximos y m\355nimos relativos y absolutos}{section.2}% 20
\BOOKMARK [3][-]{subsubsection.2.1.1}{2.1.1 M\351todo anal\355tico}{subsection.2.1}% 21
\BOOKMARK [2][-]{subsection.2.2}{2.2 Criterios de la primera y segunda derivada }{section.2}% 22
\BOOKMARK [1][-]{section.3}{3 C\341lculo en varias variables}{}% 23
\BOOKMARK [2][-]{subsection.3.1}{3.1 Funciones en varias variables}{section.3}% 24
\BOOKMARK [3][-]{subsubsection.3.1.1}{3.1.1 Curvas de nivel}{subsection.3.1}% 25
\BOOKMARK [2][-]{subsection.3.2}{3.2 Derivadas parciales}{section.3}% 26
\BOOKMARK [3][-]{subsubsection.3.2.1}{3.2.1 Derivadas parciales de orden superior}{subsection.3.2}% 27
\BOOKMARK [2][-]{subsection.3.3}{3.3 La regla de la cadena}{section.3}% 28
\BOOKMARK [2][-]{subsection.3.4}{3.4 Funciones impl\355citas}{section.3}% 29
\BOOKMARK [1][-]{section.4}{4 Optimizaci\363n libre y restringida en varias \040variables}{}% 30
\BOOKMARK [2][-]{subsection.4.1}{4.1 Optimizaci\363n libre}{section.4}% 31
\BOOKMARK [2][-]{subsection.4.2}{4.2 Optimizaci\363n restringida}{section.4}% 32
\BOOKMARK [1][-]{section.5}{5 Integral definida e indefinida}{}% 33
\BOOKMARK [2][-]{subsection.5.1}{5.1 Integral indefinida.}{section.5}% 34
\BOOKMARK [3][-]{subsubsection.5.1.1}{5.1.1 Reglas de integraci\363n. }{subsection.5.1}% 35
\BOOKMARK [2][-]{subsection.5.2}{5.2 T\351cnicas de integraci\363n.}{section.5}% 36
\BOOKMARK [2][-]{subsection.5.3}{5.3 Integral definida}{section.5}% 37
\BOOKMARK [2][-]{subsection.5.4}{5.4 Definici\363n de integral definida}{section.5}% 38
\BOOKMARK [3][-]{subsubsection.5.4.1}{5.4.1 Propiedades de la integral definida}{subsection.5.4}% 39
\BOOKMARK [2][-]{subsection.5.5}{5.5 \301rea entre dos curvas}{section.5}% 40
\BOOKMARK [2][-]{subsection.5.6}{5.6 Integral impropia}{section.5}% 41
