This is pdfTeX, Version 3.1415926-1.40.10 (MiKTeX 2.8) (preloaded format=pdflatex 2011.3.15)  22 NOV 2011 10:05
entering extended mode
**Unidad3Actualizado.tex

("C:\Users\metodos\Desktop\Algebra Lineal moodle 28.09.2011\Unidad3\Unidad3Actu
alizado.tex"
LaTeX2e <2009/09/24>
Babel <v3.8l> and hyphenation patterns for english, dumylang, nohyphenation, ge
rman, ngerman, german-x-2009-06-19, ngerman-x-2009-06-19, french, loaded.
("C:\Program Files\MiKTeX 2.8\tex\latex\base\article.cls"
Document Class: article 2007/10/19 v1.4h Standard LaTeX document class
("C:\Program Files\MiKTeX 2.8\tex\latex\base\size12.clo"
File: size12.clo 2007/10/19 v1.4h Standard LaTeX file (size option)
)
\c@part=\count79
\c@section=\count80
\c@subsection=\count81
\c@subsubsection=\count82
\c@paragraph=\count83
\c@subparagraph=\count84
\c@figure=\count85
\c@table=\count86
\abovecaptionskip=\skip41
\belowcaptionskip=\skip42
\bibindent=\dimen102
)
("C:\Program Files\MiKTeX 2.8\tex\latex\ams\math\amsmath.sty"
Package: amsmath 2000/07/18 v2.13 AMS math features
\@mathmargin=\skip43

For additional information on amsmath, use the `?' option.
("C:\Program Files\MiKTeX 2.8\tex\latex\ams\math\amstext.sty"
Package: amstext 2000/06/29 v2.01

("C:\Program Files\MiKTeX 2.8\tex\latex\ams\math\amsgen.sty"
File: amsgen.sty 1999/11/30 v2.0
\@emptytoks=\toks14
\ex@=\dimen103
))
("C:\Program Files\MiKTeX 2.8\tex\latex\ams\math\amsbsy.sty"
Package: amsbsy 1999/11/29 v1.2d
\pmbraise@=\dimen104
)
("C:\Program Files\MiKTeX 2.8\tex\latex\ams\math\amsopn.sty"
Package: amsopn 1999/12/14 v2.01 operator names
)
\inf@bad=\count87
LaTeX Info: Redefining \frac on input line 211.
\uproot@=\count88
\leftroot@=\count89
LaTeX Info: Redefining \overline on input line 307.
\classnum@=\count90
\DOTSCASE@=\count91
LaTeX Info: Redefining \ldots on input line 379.
LaTeX Info: Redefining \dots on input line 382.
LaTeX Info: Redefining \cdots on input line 467.
\Mathstrutbox@=\box26
\strutbox@=\box27
\big@size=\dimen105
LaTeX Font Info:    Redeclaring font encoding OML on input line 567.
LaTeX Font Info:    Redeclaring font encoding OMS on input line 568.
\macc@depth=\count92
\c@MaxMatrixCols=\count93
\dotsspace@=\muskip10
\c@parentequation=\count94
\dspbrk@lvl=\count95
\tag@help=\toks15
\row@=\count96
\column@=\count97
\maxfields@=\count98
\andhelp@=\toks16
\eqnshift@=\dimen106
\alignsep@=\dimen107
\tagshift@=\dimen108
\tagwidth@=\dimen109
\totwidth@=\dimen110
\lineht@=\dimen111
\@envbody=\toks17
\multlinegap=\skip44
\multlinetaggap=\skip45
\mathdisplay@stack=\toks18
LaTeX Info: Redefining \[ on input line 2666.
LaTeX Info: Redefining \] on input line 2667.
)
("C:\Program Files\MiKTeX 2.8\tex\latex\amsfonts\amssymb.sty"
Package: amssymb 2009/06/22 v3.00

("C:\Program Files\MiKTeX 2.8\tex\latex\amsfonts\amsfonts.sty"
Package: amsfonts 2009/06/22 v3.00 Basic AMSFonts support
\symAMSa=\mathgroup4
\symAMSb=\mathgroup5
LaTeX Font Info:    Overwriting math alphabet `\mathfrak' in version `bold'
(Font)                  U/euf/m/n --> U/euf/b/n on input line 96.
))
("C:\Program Files\MiKTeX 2.8\tex\latex\base\latexsym.sty"
Package: latexsym 1998/08/17 v2.2e Standard LaTeX package (lasy symbols)
\symlasy=\mathgroup6
LaTeX Font Info:    Overwriting symbol font `lasy' in version `bold'
(Font)                  U/lasy/m/n --> U/lasy/b/n on input line 47.
)
("C:\Program Files\MiKTeX 2.8\tex\generic\babel\babel.sty"
Package: babel 2008/07/06 v3.8l The Babel package

*************************************
* Local config file bblopts.cfg used
*
("C:\Program Files\MiKTeX 2.8\tex\latex\00miktex\bblopts.cfg"
File: bblopts.cfg 2006/07/31 v1.0 MiKTeX 'babel' configuration
)
("C:\Program Files\MiKTeX 2.8\tex\generic\babel\spanish.ldf"
Language: spanish.ldf 2009/01/02 v5.0h Spanish support from the babel system

("C:\Program Files\MiKTeX 2.8\tex\generic\babel\babel.def"
File: babel.def 2008/07/06 v3.8l Babel common definitions
\babel@savecnt=\count99
\U@D=\dimen112
)

Package babel Warning: No hyphenation patterns were loaded for
(babel)                the language `Spanish'
(babel)                I will use the patterns loaded for \language=0 instead.

\l@spanish = a dialect from \language0
\es@datefmt=\count100
\es@quottoks=\toks19
\es@quotdepth=\count101
Package babel Info: Making " an active character on input line 492.
Package babel Info: Making . an active character on input line 585.
Package babel Info: Making < an active character on input line 630.
Package babel Info: Making > an active character on input line 630.
)) ("C:\Program Files\MiKTeX 2.8\tex\latex\graphics\graphicx.sty"
Package: graphicx 1999/02/16 v1.0f Enhanced LaTeX Graphics (DPC,SPQR)

("C:\Program Files\MiKTeX 2.8\tex\latex\graphics\keyval.sty"
Package: keyval 1999/03/16 v1.13 key=value parser (DPC)
\KV@toks@=\toks20
)
("C:\Program Files\MiKTeX 2.8\tex\latex\graphics\graphics.sty"
Package: graphics 2009/02/05 v1.0o Standard LaTeX Graphics (DPC,SPQR)

("C:\Program Files\MiKTeX 2.8\tex\latex\graphics\trig.sty"
Package: trig 1999/03/16 v1.09 sin cos tan (DPC)
)
("C:\Program Files\MiKTeX 2.8\tex\latex\00miktex\graphics.cfg"
File: graphics.cfg 2007/01/18 v1.5 graphics configuration of teTeX/TeXLive
)
Package graphics Info: Driver file: pdftex.def on input line 91.

("C:\Program Files\MiKTeX 2.8\tex\latex\pdftex-def\pdftex.def"
File: pdftex.def 2010/02/14 v0.04n Graphics/color for pdfTeX
\Gread@gobject=\count102
))
\Gin@req@height=\dimen113
\Gin@req@width=\dimen114
)
("C:\Program Files\MiKTeX 2.8\tex\latex\epsf\epsf.sty"
This is `epsf.tex' v2.7.3 <23 July 2005>
\epsffilein=\read1
\epsfframemargin=\dimen115
\epsfframethickness=\dimen116
\epsfrsize=\dimen117
\epsftmp=\dimen118
\epsftsize=\dimen119
\epsfxsize=\dimen120
\epsfysize=\dimen121
\pspoints=\dimen122
) ("C:\Program Files\MiKTeX 2.8\tex\latex\jknappen\mathrsfs.sty"
Package: mathrsfs 1996/01/01 Math RSFS package v1.0 (jk)
\symrsfs=\mathgroup7
)
\c@teorema=\count103
\c@problema=\count104
\c@ejemplo=\count105

("C:\Program Files\MiKTeX 2.8\tex\latex\base\inputenc.sty"
Package: inputenc 2008/03/30 v1.1d Input encoding file
\inpenc@prehook=\toks21
\inpenc@posthook=\toks22

("C:\Program Files\MiKTeX 2.8\tex\latex\base\latin1.def"
File: latin1.def 2008/03/30 v1.1d Input encoding file
))
("C:\Users\metodos\Desktop\Algebra Lineal moodle 28.09.2011\Unidad3\Unidad3Actu
alizado.aux")
LaTeX Font Info:    Checking defaults for OML/cmm/m/it on input line 23.
LaTeX Font Info:    ... okay on input line 23.
LaTeX Font Info:    Checking defaults for T1/cmr/m/n on input line 23.
LaTeX Font Info:    ... okay on input line 23.
LaTeX Font Info:    Checking defaults for OT1/cmr/m/n on input line 23.
LaTeX Font Info:    ... okay on input line 23.
LaTeX Font Info:    Checking defaults for OMS/cmsy/m/n on input line 23.
LaTeX Font Info:    ... okay on input line 23.
LaTeX Font Info:    Checking defaults for OMX/cmex/m/n on input line 23.
LaTeX Font Info:    ... okay on input line 23.
LaTeX Font Info:    Checking defaults for U/cmr/m/n on input line 23.
LaTeX Font Info:    ... okay on input line 23.
 ("C:\Program Files\MiKTeX 2.8\tex\context\base\supp-pdf.tex"
[Loading MPS to PDF converter (version 2006.09.02).]
\scratchcounter=\count106
\scratchdimen=\dimen123
\scratchbox=\box28
\nofMPsegments=\count107
\nofMParguments=\count108
\everyMPshowfont=\toks23
\MPscratchCnt=\count109
\MPscratchDim=\dimen124
\MPnumerator=\count110
\everyMPtoPDFconversion=\toks24
)
LaTeX Font Info:    Try loading font information for U+msa on input line 29.
 ("C:\Program Files\MiKTeX 2.8\tex\latex\amsfonts\umsa.fd"
File: umsa.fd 2009/06/22 v3.00 AMS symbols A
)
LaTeX Font Info:    Try loading font information for U+msb on input line 29.

("C:\Program Files\MiKTeX 2.8\tex\latex\amsfonts\umsb.fd"
File: umsb.fd 2009/06/22 v3.00 AMS symbols B
)
LaTeX Font Info:    Try loading font information for U+lasy on input line 29.

("C:\Program Files\MiKTeX 2.8\tex\latex\base\ulasy.fd"
File: ulasy.fd 1998/08/17 v2.2e LaTeX symbol font definitions
)
LaTeX Font Info:    Try loading font information for U+rsfs on input line 29.

("C:\Program Files\MiKTeX 2.8\tex\latex\jknappen\ursfs.fd"
File: ursfs.fd 1998/03/24 rsfs font definition file (jk)
)
("C:\Users\metodos\Desktop\Algebra Lineal moodle 28.09.2011\Unidad3\Unidad3Actu
alizado.toc")
\tf@toc=\write3
 [1

{C:/ProgramData/MiKTeX/2.8/pdftex/config/pdftex.map}]

Package amsfonts Warning: Obsolete command \Bbb; \mathbb should be used instead
 on input line 69.

[2] [3] [4] [5]
! Missing $ inserted.
<inserted text> 
                $
l.267 \item Una matriz (cuadrada) 3 \times
                                           3 \  $\left[a_{ij} \right]$ sobre...

? 
! Missing $ inserted.
<inserted text> 
                $
l.267 ...na matriz (cuadrada) 3 \times 3 \  $\left
                                                  [a_{ij} \right]$ sobre $\B...

? 
[6]
Overfull \hbox (4.37552pt too wide) in paragraph at lines 358--360
[]\OT1/cmr/m/it/12 Un sub-con-jun-to $\OML/cmm/m/it/12 S$ \OT1/cmr/m/it/12 de $
\OML/cmm/m/it/12 V$ \OT1/cmr/m/it/12 se dice $[]$,
 []


Overfull \hbox (0.33458pt too wide) in paragraph at lines 362--364
\OT1/cmr/bx/it/12 pen-di-ente\OT1/cmr/m/it/12 . Si el con-jun-to $\OML/cmm/m/it
/12 S$ \OT1/cmr/m/it/12 so-lo tiene un numero fini-to de vec-tores $\OML/cmm/m
/it/12 []; :::; []$\OT1/cmr/m/it/12 ,
 []

! Missing $ inserted.
<inserted text> 
                $
l.405 
      
? 
! Missing } inserted.
<inserted text> 
                }
l.405 
      
? 
! Display math should end with $$.
<to be read again> 
                   \@@par 
l.405 
      
? 
[7]
! Extra }, or forgotten \endgroup.
\par ...m \@noitemerr {\@@par }\fi \else {\@@par }
                                                  \fi 
l.405 
      
? 

! LaTeX Error: Bad math environment delimiter.

See the LaTeX manual or LaTeX Companion for explanation.
Type  H <return>  for immediate help.
 ...                                              
                                                  
l.411 \]
        
? 
! Missing $ inserted.
<inserted text> 
                $
l.411 \]
        
? 
! Display math should end with $$.
<to be read again> 
                   \endgroup 
l.411 \]
        
? 
[8] [9] [10]
! Missing $ inserted.
<inserted text> 
                $
l.677 ...as las matrices sesgadas sim\'etricas (A^
                                                  T = -A)
? 

! LaTeX Error: Command \end{enumerate} invalid in math mode.

See the LaTeX manual or LaTeX Companion for explanation.
Type  H <return>  for immediate help.
 ...                                              
                                                  
l.678 \end{enumerate}
                     
? 

! LaTeX Error: Something's wrong--perhaps a missing \item.

See the LaTeX manual or LaTeX Companion for explanation.
Type  H <return>  for immediate help.
 ...                                              
                                                  
l.678 \end{enumerate}
                     
? 

! LaTeX Error: Something's wrong--perhaps a missing \item.

See the LaTeX manual or LaTeX Companion for explanation.
Type  H <return>  for immediate help.
 ...                                              
                                                  
l.678 \end{enumerate}
                     
? 
! Missing $ inserted.
<inserted text> 
                $
l.678 \end{enumerate}
                     
? 
[11]
Underfull \hbox (badness 10000) in paragraph at lines 679--680

 []


Underfull \hbox (badness 10000) in paragraph at lines 689--690

 []

[12]
! Display math should end with $$.
<to be read again> 
                   T
l.746  entonces $T
                  _A : \Bbb{R}^3  \to \Bbb{R}^2$ dada por $T_A (x) = Ax$ es
? 
! Missing $ inserted.
<inserted text> 
                $
l.746  entonces $T_
                   A : \Bbb{R}^3  \to \Bbb{R}^2$ dada por $T_A (x) = Ax$ es
? 

! LaTeX Error: Command \end{equation*} invalid in math mode.

See the LaTeX manual or LaTeX Companion for explanation.
Type  H <return>  for immediate help.
 ...                                              
                                                  
l.763 \end{ejemplo}
                   
? 

! LaTeX Error: Something's wrong--perhaps a missing \item.

See the LaTeX manual or LaTeX Companion for explanation.
Type  H <return>  for immediate help.
 ...                                              
                                                  
l.763 \end{ejemplo}
                   
? 

! LaTeX Error: Something's wrong--perhaps a missing \item.

See the LaTeX manual or LaTeX Companion for explanation.
Type  H <return>  for immediate help.
 ...                                              
                                                  
l.763 \end{ejemplo}
                   
? 

! LaTeX Error: \begin{equation*} on input line 748 ended by \end{ejemplo}.

See the LaTeX manual or LaTeX Companion for explanation.
Type  H <return>  for immediate help.
 ...                                              
                                                  
l.763 \end{ejemplo}
                   
? 
! Missing $ inserted.
<inserted text> 
                $
l.763 \end{ejemplo}
                   
? 
! Display math should end with $$.
<to be read again> 
                   \endgroup 
l.763 \end{ejemplo}
                   
? 

Overfull \hbox (9.38954pt too wide) in paragraph at lines 788--793
[]\OT1/cmr/m/it/12 Sea $\OML/cmm/m/it/12 V$ \OT1/cmr/m/it/12 un es-pa-cio vec-t
o-ri-al de di-men-sion fini-ta $\OML/cmm/m/it/12 n$\OT1/cmr/m/it/12 , sea $\OM
L/cmm/m/it/12 []; :::; []$
 []

[13] [14] [15] [16]
Overfull \hbox (11.5557pt too wide) in paragraph at lines 1002--1003
\OT1/cmr/m/it/12 en-con-trar la ma-triz aso-ci-a-da a $\OML/cmm/m/it/12 T$ \OT1
/cmr/m/it/12 re-spec-to a la base $\OMS/cmsy/m/n/12 f\OT1/cmr/m/n/12 (1\OML/cmm
/m/it/12 ; \OT1/cmr/m/n/12 2\OML/cmm/m/it/12 ; \OT1/cmr/m/n/12 0)\OML/cmm/m/it/
12 ; \OT1/cmr/m/n/12 (1\OML/cmm/m/it/12 ; \OMS/cmsy/m/n/12  \OT1/cmr/m/n/12 1\O
ML/cmm/m/it/12 ; \OT1/cmr/m/n/12 0)\OML/cmm/m/it/12 ; \OT1/cmr/m/n/12 (1\OML/cm
m/m/it/12 ; \OT1/cmr/m/n/12 1\OML/cmm/m/it/12 ; \OT1/cmr/m/n/12 1)\OMS/cmsy/m/n
/12 g$\OT1/cmr/m/it/12 ,
 []

[17] [18] [19] [20]

! LaTeX Error: \begin{equation*} on input line 738 ended by \end{document}.

See the LaTeX manual or LaTeX Companion for explanation.
Type  H <return>  for immediate help.
 ...                                              
                                                  
l.1169 \end{document}
                     
? 
[21]
("C:\Users\metodos\Desktop\Algebra Lineal moodle 28.09.2011\Unidad3\Unidad3Actu
alizado.aux") )
(\end occurred inside a group at level 3)

### semi simple group (level 3) entered at line 738 (\begingroup)
### semi simple group (level 2) entered at line 734 (\begingroup)
### semi simple group (level 1) entered at line 36 (\begingroup)
### bottom level 
Here is how much of TeX's memory you used:
 2631 strings out of 495285
 32727 string characters out of 3180337
 94903 words of memory out of 3000000
 5797 multiletter control sequences out of 15000+200000
 16154 words of font info for 66 fonts, out of 3000000 for 9000
 14 hyphenation exceptions out of 8191
 27i,10n,27p,511b,356s stack positions out of 5000i,500n,10000p,200000b,50000s
<C:/Program Files/MiKTeX 2.8/fonts/type1/public/amsfonts/cm/cmb
x12.pfb><C:/Program Files/MiKTeX 2.8/fonts/type1/public/amsfonts/cm/cmbxti10.pf
b><C:/Program Files/MiKTeX 2.8/fonts/type1/public/amsfonts/cm/cmex10.pfb><C:/Pr
ogram Files/MiKTeX 2.8/fonts/type1/public/amsfonts/cm/cmmi12.pfb><C:/Program Fi
les/MiKTeX 2.8/fonts/type1/public/amsfonts/cm/cmmi8.pfb><C:/Program Files/MiKTe
X 2.8/fonts/type1/public/amsfonts/cm/cmr12.pfb><C:/Program Files/MiKTeX 2.8/fon
ts/type1/public/amsfonts/cm/cmr17.pfb><C:/Program Files/MiKTeX 2.8/fonts/type1/
public/amsfonts/cm/cmr8.pfb><C:/Program Files/MiKTeX 2.8/fonts/type1/public/ams
fonts/cm/cmsy10.pfb><C:/Program Files/MiKTeX 2.8/fonts/type1/public/amsfonts/cm
/cmsy6.pfb><C:/Program Files/MiKTeX 2.8/fonts/type1/public/amsfonts/cm/cmsy8.pf
b><C:/Program Files/MiKTeX 2.8/fonts/type1/public/amsfonts/cm/cmti12.pfb><C:/Pr
ogram Files/MiKTeX 2.8/fonts/type1/public/amsfonts/symbols/msbm10.pfb>
Output written on Unidad3Actualizado.pdf (21 pages, 202827 bytes).
PDF statistics:
 122 PDF objects out of 1000 (max. 8388607)
 0 named destinations out of 1000 (max. 500000)
 1 words of extra memory for PDF output out of 10000 (max. 10000000)

