This is pdfTeX, Version 3.1415926-1.40.10 (MiKTeX 2.8) (preloaded format=pdflatex 2011.3.15)  22 NOV 2011 10:27
entering extended mode
**Unidad4b.tex

("C:\Users\metodos\Desktop\Algebra Lineal moodle 28.09.2011\Unidad4\Unidad4b.te
x"
LaTeX2e <2009/09/24>
Babel <v3.8l> and hyphenation patterns for english, dumylang, nohyphenation, ge
rman, ngerman, german-x-2009-06-19, ngerman-x-2009-06-19, french, loaded.
("C:\Program Files\MiKTeX 2.8\tex\latex\base\article.cls"
Document Class: article 2007/10/19 v1.4h Standard LaTeX document class
("C:\Program Files\MiKTeX 2.8\tex\latex\base\size12.clo"
File: size12.clo 2007/10/19 v1.4h Standard LaTeX file (size option)
)
\c@part=\count79
\c@section=\count80
\c@subsection=\count81
\c@subsubsection=\count82
\c@paragraph=\count83
\c@subparagraph=\count84
\c@figure=\count85
\c@table=\count86
\abovecaptionskip=\skip41
\belowcaptionskip=\skip42
\bibindent=\dimen102
)
("C:\Program Files\MiKTeX 2.8\tex\latex\ams\math\amsmath.sty"
Package: amsmath 2000/07/18 v2.13 AMS math features
\@mathmargin=\skip43

For additional information on amsmath, use the `?' option.
("C:\Program Files\MiKTeX 2.8\tex\latex\ams\math\amstext.sty"
Package: amstext 2000/06/29 v2.01

("C:\Program Files\MiKTeX 2.8\tex\latex\ams\math\amsgen.sty"
File: amsgen.sty 1999/11/30 v2.0
\@emptytoks=\toks14
\ex@=\dimen103
))
("C:\Program Files\MiKTeX 2.8\tex\latex\ams\math\amsbsy.sty"
Package: amsbsy 1999/11/29 v1.2d
\pmbraise@=\dimen104
)
("C:\Program Files\MiKTeX 2.8\tex\latex\ams\math\amsopn.sty"
Package: amsopn 1999/12/14 v2.01 operator names
)
\inf@bad=\count87
LaTeX Info: Redefining \frac on input line 211.
\uproot@=\count88
\leftroot@=\count89
LaTeX Info: Redefining \overline on input line 307.
\classnum@=\count90
\DOTSCASE@=\count91
LaTeX Info: Redefining \ldots on input line 379.
LaTeX Info: Redefining \dots on input line 382.
LaTeX Info: Redefining \cdots on input line 467.
\Mathstrutbox@=\box26
\strutbox@=\box27
\big@size=\dimen105
LaTeX Font Info:    Redeclaring font encoding OML on input line 567.
LaTeX Font Info:    Redeclaring font encoding OMS on input line 568.
\macc@depth=\count92
\c@MaxMatrixCols=\count93
\dotsspace@=\muskip10
\c@parentequation=\count94
\dspbrk@lvl=\count95
\tag@help=\toks15
\row@=\count96
\column@=\count97
\maxfields@=\count98
\andhelp@=\toks16
\eqnshift@=\dimen106
\alignsep@=\dimen107
\tagshift@=\dimen108
\tagwidth@=\dimen109
\totwidth@=\dimen110
\lineht@=\dimen111
\@envbody=\toks17
\multlinegap=\skip44
\multlinetaggap=\skip45
\mathdisplay@stack=\toks18
LaTeX Info: Redefining \[ on input line 2666.
LaTeX Info: Redefining \] on input line 2667.
)
("C:\Program Files\MiKTeX 2.8\tex\latex\amsfonts\amssymb.sty"
Package: amssymb 2009/06/22 v3.00

("C:\Program Files\MiKTeX 2.8\tex\latex\amsfonts\amsfonts.sty"
Package: amsfonts 2009/06/22 v3.00 Basic AMSFonts support
\symAMSa=\mathgroup4
\symAMSb=\mathgroup5
LaTeX Font Info:    Overwriting math alphabet `\mathfrak' in version `bold'
(Font)                  U/euf/m/n --> U/euf/b/n on input line 96.
))
("C:\Program Files\MiKTeX 2.8\tex\latex\base\latexsym.sty"
Package: latexsym 1998/08/17 v2.2e Standard LaTeX package (lasy symbols)
\symlasy=\mathgroup6
LaTeX Font Info:    Overwriting symbol font `lasy' in version `bold'
(Font)                  U/lasy/m/n --> U/lasy/b/n on input line 47.
)
("C:\Program Files\MiKTeX 2.8\tex\generic\babel\babel.sty"
Package: babel 2008/07/06 v3.8l The Babel package

*************************************
* Local config file bblopts.cfg used
*
("C:\Program Files\MiKTeX 2.8\tex\latex\00miktex\bblopts.cfg"
File: bblopts.cfg 2006/07/31 v1.0 MiKTeX 'babel' configuration
)
("C:\Program Files\MiKTeX 2.8\tex\generic\babel\spanish.ldf"
Language: spanish.ldf 2009/01/02 v5.0h Spanish support from the babel system

("C:\Program Files\MiKTeX 2.8\tex\generic\babel\babel.def"
File: babel.def 2008/07/06 v3.8l Babel common definitions
\babel@savecnt=\count99
\U@D=\dimen112
)

Package babel Warning: No hyphenation patterns were loaded for
(babel)                the language `Spanish'
(babel)                I will use the patterns loaded for \language=0 instead.

\l@spanish = a dialect from \language0
\es@datefmt=\count100
\es@quottoks=\toks19
\es@quotdepth=\count101
Package babel Info: Making " an active character on input line 492.
Package babel Info: Making . an active character on input line 585.
Package babel Info: Making < an active character on input line 630.
Package babel Info: Making > an active character on input line 630.
)) ("C:\Program Files\MiKTeX 2.8\tex\latex\graphics\graphicx.sty"
Package: graphicx 1999/02/16 v1.0f Enhanced LaTeX Graphics (DPC,SPQR)

("C:\Program Files\MiKTeX 2.8\tex\latex\graphics\keyval.sty"
Package: keyval 1999/03/16 v1.13 key=value parser (DPC)
\KV@toks@=\toks20
)
("C:\Program Files\MiKTeX 2.8\tex\latex\graphics\graphics.sty"
Package: graphics 2009/02/05 v1.0o Standard LaTeX Graphics (DPC,SPQR)

("C:\Program Files\MiKTeX 2.8\tex\latex\graphics\trig.sty"
Package: trig 1999/03/16 v1.09 sin cos tan (DPC)
)
("C:\Program Files\MiKTeX 2.8\tex\latex\00miktex\graphics.cfg"
File: graphics.cfg 2007/01/18 v1.5 graphics configuration of teTeX/TeXLive
)
Package graphics Info: Driver file: pdftex.def on input line 91.

("C:\Program Files\MiKTeX 2.8\tex\latex\pdftex-def\pdftex.def"
File: pdftex.def 2010/02/14 v0.04n Graphics/color for pdfTeX
\Gread@gobject=\count102
))
\Gin@req@height=\dimen113
\Gin@req@width=\dimen114
)
("C:\Program Files\MiKTeX 2.8\tex\latex\epsf\epsf.sty"
This is `epsf.tex' v2.7.3 <23 July 2005>
\epsffilein=\read1
\epsfframemargin=\dimen115
\epsfframethickness=\dimen116
\epsfrsize=\dimen117
\epsftmp=\dimen118
\epsftsize=\dimen119
\epsfxsize=\dimen120
\epsfysize=\dimen121
\pspoints=\dimen122
) ("C:\Program Files\MiKTeX 2.8\tex\latex\jknappen\mathrsfs.sty"
Package: mathrsfs 1996/01/01 Math RSFS package v1.0 (jk)
\symrsfs=\mathgroup7
)
\c@teorema=\count103
\c@problema=\count104
\c@ejemplo=\count105

("C:\Program Files\MiKTeX 2.8\tex\latex\base\inputenc.sty"
Package: inputenc 2008/03/30 v1.1d Input encoding file
\inpenc@prehook=\toks21
\inpenc@posthook=\toks22

("C:\Program Files\MiKTeX 2.8\tex\latex\base\latin1.def"
File: latin1.def 2008/03/30 v1.1d Input encoding file
))
("C:\Users\metodos\Desktop\Algebra Lineal moodle 28.09.2011\Unidad4\Unidad4b.au
x")
LaTeX Font Info:    Checking defaults for OML/cmm/m/it on input line 22.
LaTeX Font Info:    ... okay on input line 22.
LaTeX Font Info:    Checking defaults for T1/cmr/m/n on input line 22.
LaTeX Font Info:    ... okay on input line 22.
LaTeX Font Info:    Checking defaults for OT1/cmr/m/n on input line 22.
LaTeX Font Info:    ... okay on input line 22.
LaTeX Font Info:    Checking defaults for OMS/cmsy/m/n on input line 22.
LaTeX Font Info:    ... okay on input line 22.
LaTeX Font Info:    Checking defaults for OMX/cmex/m/n on input line 22.
LaTeX Font Info:    ... okay on input line 22.
LaTeX Font Info:    Checking defaults for U/cmr/m/n on input line 22.
LaTeX Font Info:    ... okay on input line 22.
 ("C:\Program Files\MiKTeX 2.8\tex\context\base\supp-pdf.tex"
[Loading MPS to PDF converter (version 2006.09.02).]
\scratchcounter=\count106
\scratchdimen=\dimen123
\scratchbox=\box28
\nofMPsegments=\count107
\nofMParguments=\count108
\everyMPshowfont=\toks23
\MPscratchCnt=\count109
\MPscratchDim=\dimen124
\MPnumerator=\count110
\everyMPtoPDFconversion=\toks24
)
LaTeX Font Info:    Try loading font information for U+msa on input line 28.
 ("C:\Program Files\MiKTeX 2.8\tex\latex\amsfonts\umsa.fd"
File: umsa.fd 2009/06/22 v3.00 AMS symbols A
)
LaTeX Font Info:    Try loading font information for U+msb on input line 28.

("C:\Program Files\MiKTeX 2.8\tex\latex\amsfonts\umsb.fd"
File: umsb.fd 2009/06/22 v3.00 AMS symbols B
)
LaTeX Font Info:    Try loading font information for U+lasy on input line 28.

("C:\Program Files\MiKTeX 2.8\tex\latex\base\ulasy.fd"
File: ulasy.fd 1998/08/17 v2.2e LaTeX symbol font definitions
)
LaTeX Font Info:    Try loading font information for U+rsfs on input line 28.

("C:\Program Files\MiKTeX 2.8\tex\latex\jknappen\ursfs.fd"
File: ursfs.fd 1998/03/24 rsfs font definition file (jk)
)
("C:\Users\metodos\Desktop\Algebra Lineal moodle 28.09.2011\Unidad4\Unidad4b.to
c")
\tf@toc=\write3
 [1

{C:/ProgramData/MiKTeX/2.8/pdftex/config/pdftex.map}] [2] [3] [4]
[5] [6]
! Undefined control sequence.
<recently read> \lamba 
                       
l.497 ...\-pon\-di\-en\-te al valor propio $\lamba
                                                  $ y otro vector $\textbf{w...

? 
[7] [8]
! Missing $ inserted.
<inserted text> 
                $
l.654 
      
? 
! Missing } inserted.
<inserted text> 
                }
l.654 
      
? 
! Display math should end with $$.
<to be read again> 
                   \@@par 
l.654 
      
? 
! Extra }, or forgotten \endgroup.
\par ...m \@noitemerr {\@@par }\fi \else {\@@par }
                                                  \fi 
l.654 
      
? 

! LaTeX Error: \begin{equation*} on input line 635 ended by \end{ejemplo}.

See the LaTeX manual or LaTeX Companion for explanation.
Type  H <return>  for immediate help.
 ...                                              
                                                  
l.712 \end{ejemplo}
                   
? 
[9] [10] [11] [12]
Underfull \hbox (badness 10000) in paragraph at lines 939--940

 []

[13] [14]

Package amsfonts Warning: Obsolete command \Bbb; \mathbb should be used instead
 on input line 1184.

[15] [16]
Underfull \hbox (badness 10000) in paragraph at lines 1342--1343

 []

[17] [18]
! Limit controls must follow a math operator.
<argument> ...ilde {y}^T) x \\ &= E\left (\limits 
                                                  \sum _{j=1}^{n} x_j \tilde...
l.1505 \end{align*}
                   
? 
! Limit controls must follow a math operator.
<argument> ...} \right )^2 \\ &= E \left (\limits 
                                                  \sum _{j= 1}^{n}x_j ( y_j ...
l.1505 \end{align*}
                   
? 
! Limit controls must follow a math operator.
<argument> ...ilde {y}^T) x \\ &= E\left (\limits 
                                                  \sum _{j=1}^{n} x_j \tilde...
l.1505 \end{align*}
                   
? 
! Limit controls must follow a math operator.
<argument> ...} \right )^2 \\ &= E \left (\limits 
                                                  \sum _{j= 1}^{n}x_j ( y_j ...
l.1505 \end{align*}
                   
? 
[19] [20] [21]

! LaTeX Error: \begin{ejemplo} on input line 1679 ended by \end{ajemplo}.

See the LaTeX manual or LaTeX Companion for explanation.
Type  H <return>  for immediate help.
 ...                                              
                                                  
l.1731 \end{ajemplo}
                    
? 
[22] [23]
! Missing $ inserted.
<inserted text> 
                $
l.1938 
       
? 
! Missing } inserted.
<inserted text> 
                }
l.1938 
       
? 
! Display math should end with $$.
<to be read again> 
                   \@@par 
l.1938 
       
? 
! Extra }, or forgotten \endgroup.
\par ...m \@noitemerr {\@@par }\fi \else {\@@par }
                                                  \fi 
l.1938 
       
? 

! LaTeX Error: Bad math environment delimiter.

See the LaTeX manual or LaTeX Companion for explanation.
Type  H <return>  for immediate help.
 ...                                              
                                                  
l.1939 \]
         
? 
! Missing $ inserted.
<inserted text> 
                $
l.1939 \]
         
? 
! Display math should end with $$.
<to be read again> 
                   \endgroup 
l.1939 \]
         
? 
[24] [25] [26] [27]
Underfull \hbox (badness 10000) in paragraph at lines 2134--2135

 []


Underfull \hbox (badness 10000) in paragraph at lines 2136--2155

 []


Overfull \hbox (24.32062pt too wide) in paragraph at lines 2181--2205
\OML/cmm/m/it/12 A \OT1/cmr/m/n/12 = []   \OML/cmm/m/it/12 B \OT1/cmr/m/n/12 = 
[]   []$ 
 []

[28]

! LaTeX Error: \begin{ejemplo} on input line 1734 ended by \end{document}.

See the LaTeX manual or LaTeX Companion for explanation.
Type  H <return>  for immediate help.
 ...                                              
                                                  
l.2264 \end{document}
                     
? 
[29]
("C:\Users\metodos\Desktop\Algebra Lineal moodle 28.09.2011\Unidad4\Unidad4b.au
x") )
(\end occurred inside a group at level 2)

### semi simple group (level 2) entered at line 1734 (\begingroup)
### semi simple group (level 1) entered at line 601 (\begingroup)
### bottom level 
Here is how much of TeX's memory you used:
 2642 strings out of 495285
 32682 string characters out of 3180337
 93869 words of memory out of 3000000
 5803 multiletter control sequences out of 15000+200000
 17690 words of font info for 73 fonts, out of 3000000 for 9000
 14 hyphenation exceptions out of 8191
 27i,15n,27p,293b,407s stack positions out of 5000i,500n,10000p,200000b,50000s
<C:/Program Files/MiKTeX 2.8/fonts/type1/public/amsfonts/cm/cmb
x12.pfb><C:/Program Files/MiKTeX 2.8/fonts/type1/public/amsfonts/cm/cmbxti10.pf
b><C:/Program Files/MiKTeX 2.8/fonts/type1/public/amsfonts/cm/cmex10.pfb><C:/Pr
ogram Files/MiKTeX 2.8/fonts/type1/public/amsfonts/cm/cmmi12.pfb><C:/Program Fi
les/MiKTeX 2.8/fonts/type1/public/amsfonts/cm/cmmi6.pfb><C:/Program Files/MiKTe
X 2.8/fonts/type1/public/amsfonts/cm/cmmi8.pfb><C:/Program Files/MiKTeX 2.8/fon
ts/type1/public/amsfonts/cm/cmr12.pfb><C:/Program Files/MiKTeX 2.8/fonts/type1/
public/amsfonts/cm/cmr17.pfb><C:/Program Files/MiKTeX 2.8/fonts/type1/public/am
sfonts/cm/cmr6.pfb><C:/Program Files/MiKTeX 2.8/fonts/type1/public/amsfonts/cm/
cmr8.pfb><C:/Program Files/MiKTeX 2.8/fonts/type1/public/amsfonts/cm/cmsy10.pfb
><C:/Program Files/MiKTeX 2.8/fonts/type1/public/amsfonts/cm/cmsy6.pfb><C:/Prog
ram Files/MiKTeX 2.8/fonts/type1/public/amsfonts/cm/cmsy8.pfb><C:/Program Files
/MiKTeX 2.8/fonts/type1/public/amsfonts/cm/cmti12.pfb><C:/Program Files/MiKTeX 
2.8/fonts/type1/public/amsfonts/symbols/msbm10.pfb>
Output written on Unidad4b.pdf (29 pages, 241611 bytes).
PDF statistics:
 155 PDF objects out of 1000 (max. 8388607)
 0 named destinations out of 1000 (max. 500000)
 1 words of extra memory for PDF output out of 10000 (max. 10000000)

