This is pdfTeX, Version 3.1415926-1.40.10 (MiKTeX 2.8) (preloaded format=pdflatex 2011.3.15)  18 NOV 2011 12:10
entering extended mode
**Unidad1y2.tex

("C:\Users\metodos\Desktop\Algebra Lineal moodle 28.09.2011\Unidad1\Latex\Unida
d1y2.tex"
LaTeX2e <2009/09/24>
Babel <v3.8l> and hyphenation patterns for english, dumylang, nohyphenation, ge
rman, ngerman, german-x-2009-06-19, ngerman-x-2009-06-19, french, loaded.
("C:\Program Files\MiKTeX 2.8\tex\latex\base\article.cls"
Document Class: article 2007/10/19 v1.4h Standard LaTeX document class
("C:\Program Files\MiKTeX 2.8\tex\latex\base\size12.clo"
File: size12.clo 2007/10/19 v1.4h Standard LaTeX file (size option)
)
\c@part=\count79
\c@section=\count80
\c@subsection=\count81
\c@subsubsection=\count82
\c@paragraph=\count83
\c@subparagraph=\count84
\c@figure=\count85
\c@table=\count86
\abovecaptionskip=\skip41
\belowcaptionskip=\skip42
\bibindent=\dimen102
)
("C:\Program Files\MiKTeX 2.8\tex\latex\ams\math\amsmath.sty"
Package: amsmath 2000/07/18 v2.13 AMS math features
\@mathmargin=\skip43

For additional information on amsmath, use the `?' option.
("C:\Program Files\MiKTeX 2.8\tex\latex\ams\math\amstext.sty"
Package: amstext 2000/06/29 v2.01

("C:\Program Files\MiKTeX 2.8\tex\latex\ams\math\amsgen.sty"
File: amsgen.sty 1999/11/30 v2.0
\@emptytoks=\toks14
\ex@=\dimen103
))
("C:\Program Files\MiKTeX 2.8\tex\latex\ams\math\amsbsy.sty"
Package: amsbsy 1999/11/29 v1.2d
\pmbraise@=\dimen104
)
("C:\Program Files\MiKTeX 2.8\tex\latex\ams\math\amsopn.sty"
Package: amsopn 1999/12/14 v2.01 operator names
)
\inf@bad=\count87
LaTeX Info: Redefining \frac on input line 211.
\uproot@=\count88
\leftroot@=\count89
LaTeX Info: Redefining \overline on input line 307.
\classnum@=\count90
\DOTSCASE@=\count91
LaTeX Info: Redefining \ldots on input line 379.
LaTeX Info: Redefining \dots on input line 382.
LaTeX Info: Redefining \cdots on input line 467.
\Mathstrutbox@=\box26
\strutbox@=\box27
\big@size=\dimen105
LaTeX Font Info:    Redeclaring font encoding OML on input line 567.
LaTeX Font Info:    Redeclaring font encoding OMS on input line 568.
\macc@depth=\count92
\c@MaxMatrixCols=\count93
\dotsspace@=\muskip10
\c@parentequation=\count94
\dspbrk@lvl=\count95
\tag@help=\toks15
\row@=\count96
\column@=\count97
\maxfields@=\count98
\andhelp@=\toks16
\eqnshift@=\dimen106
\alignsep@=\dimen107
\tagshift@=\dimen108
\tagwidth@=\dimen109
\totwidth@=\dimen110
\lineht@=\dimen111
\@envbody=\toks17
\multlinegap=\skip44
\multlinetaggap=\skip45
\mathdisplay@stack=\toks18
LaTeX Info: Redefining \[ on input line 2666.
LaTeX Info: Redefining \] on input line 2667.
)
("C:\Program Files\MiKTeX 2.8\tex\latex\amsfonts\amssymb.sty"
Package: amssymb 2009/06/22 v3.00

("C:\Program Files\MiKTeX 2.8\tex\latex\amsfonts\amsfonts.sty"
Package: amsfonts 2009/06/22 v3.00 Basic AMSFonts support
\symAMSa=\mathgroup4
\symAMSb=\mathgroup5
LaTeX Font Info:    Overwriting math alphabet `\mathfrak' in version `bold'
(Font)                  U/euf/m/n --> U/euf/b/n on input line 96.
))
("C:\Program Files\MiKTeX 2.8\tex\latex\base\latexsym.sty"
Package: latexsym 1998/08/17 v2.2e Standard LaTeX package (lasy symbols)
\symlasy=\mathgroup6
LaTeX Font Info:    Overwriting symbol font `lasy' in version `bold'
(Font)                  U/lasy/m/n --> U/lasy/b/n on input line 47.
)
("C:\Program Files\MiKTeX 2.8\tex\generic\babel\babel.sty"
Package: babel 2008/07/06 v3.8l The Babel package

*************************************
* Local config file bblopts.cfg used
*
("C:\Program Files\MiKTeX 2.8\tex\latex\00miktex\bblopts.cfg"
File: bblopts.cfg 2006/07/31 v1.0 MiKTeX 'babel' configuration
)
("C:\Program Files\MiKTeX 2.8\tex\generic\babel\spanish.ldf"
Language: spanish.ldf 2009/01/02 v5.0h Spanish support from the babel system

("C:\Program Files\MiKTeX 2.8\tex\generic\babel\babel.def"
File: babel.def 2008/07/06 v3.8l Babel common definitions
\babel@savecnt=\count99
\U@D=\dimen112
)

Package babel Warning: No hyphenation patterns were loaded for
(babel)                the language `Spanish'
(babel)                I will use the patterns loaded for \language=0 instead.

\l@spanish = a dialect from \language0
\es@datefmt=\count100
\es@quottoks=\toks19
\es@quotdepth=\count101
Package babel Info: Making " an active character on input line 492.
Package babel Info: Making . an active character on input line 585.
Package babel Info: Making < an active character on input line 630.
Package babel Info: Making > an active character on input line 630.
)) ("C:\Program Files\MiKTeX 2.8\tex\latex\graphics\graphicx.sty"
Package: graphicx 1999/02/16 v1.0f Enhanced LaTeX Graphics (DPC,SPQR)

("C:\Program Files\MiKTeX 2.8\tex\latex\graphics\keyval.sty"
Package: keyval 1999/03/16 v1.13 key=value parser (DPC)
\KV@toks@=\toks20
)
("C:\Program Files\MiKTeX 2.8\tex\latex\graphics\graphics.sty"
Package: graphics 2009/02/05 v1.0o Standard LaTeX Graphics (DPC,SPQR)

("C:\Program Files\MiKTeX 2.8\tex\latex\graphics\trig.sty"
Package: trig 1999/03/16 v1.09 sin cos tan (DPC)
)
("C:\Program Files\MiKTeX 2.8\tex\latex\00miktex\graphics.cfg"
File: graphics.cfg 2007/01/18 v1.5 graphics configuration of teTeX/TeXLive
)
Package graphics Info: Driver file: pdftex.def on input line 91.

("C:\Program Files\MiKTeX 2.8\tex\latex\pdftex-def\pdftex.def"
File: pdftex.def 2010/02/14 v0.04n Graphics/color for pdfTeX
\Gread@gobject=\count102
))
\Gin@req@height=\dimen113
\Gin@req@width=\dimen114
)
("C:\Program Files\MiKTeX 2.8\tex\latex\epsf\epsf.sty"
This is `epsf.tex' v2.7.3 <23 July 2005>
\epsffilein=\read1
\epsfframemargin=\dimen115
\epsfframethickness=\dimen116
\epsfrsize=\dimen117
\epsftmp=\dimen118
\epsftsize=\dimen119
\epsfxsize=\dimen120
\epsfysize=\dimen121
\pspoints=\dimen122
) ("C:\Program Files\MiKTeX 2.8\tex\latex\jknappen\mathrsfs.sty"
Package: mathrsfs 1996/01/01 Math RSFS package v1.0 (jk)
\symrsfs=\mathgroup7
)
\c@teorema=\count103
\c@problema=\count104
\c@ejemplo=\count105

("C:\Program Files\MiKTeX 2.8\tex\latex\base\inputenc.sty"
Package: inputenc 2008/03/30 v1.1d Input encoding file
\inpenc@prehook=\toks21
\inpenc@posthook=\toks22

("C:\Program Files\MiKTeX 2.8\tex\latex\base\latin1.def"
File: latin1.def 2008/03/30 v1.1d Input encoding file
))
("C:\Users\metodos\Desktop\Algebra Lineal moodle 28.09.2011\Unidad1\Latex\Unida
d1y2.aux"

LaTeX Warning: Label `Figura13' multiply defined.


LaTeX Warning: Label `Figura13' multiply defined.


LaTeX Warning: Label `Figura13' multiply defined.

)
LaTeX Font Info:    Checking defaults for OML/cmm/m/it on input line 22.
LaTeX Font Info:    ... okay on input line 22.
LaTeX Font Info:    Checking defaults for T1/cmr/m/n on input line 22.
LaTeX Font Info:    ... okay on input line 22.
LaTeX Font Info:    Checking defaults for OT1/cmr/m/n on input line 22.
LaTeX Font Info:    ... okay on input line 22.
LaTeX Font Info:    Checking defaults for OMS/cmsy/m/n on input line 22.
LaTeX Font Info:    ... okay on input line 22.
LaTeX Font Info:    Checking defaults for OMX/cmex/m/n on input line 22.
LaTeX Font Info:    ... okay on input line 22.
LaTeX Font Info:    Checking defaults for U/cmr/m/n on input line 22.
LaTeX Font Info:    ... okay on input line 22.
 ("C:\Program Files\MiKTeX 2.8\tex\context\base\supp-pdf.tex"
[Loading MPS to PDF converter (version 2006.09.02).]
\scratchcounter=\count106
\scratchdimen=\dimen123
\scratchbox=\box28
\nofMPsegments=\count107
\nofMParguments=\count108
\everyMPshowfont=\toks23
\MPscratchCnt=\count109
\MPscratchDim=\dimen124
\MPnumerator=\count110
\everyMPtoPDFconversion=\toks24
)
LaTeX Font Info:    Try loading font information for U+msa on input line 28.
 ("C:\Program Files\MiKTeX 2.8\tex\latex\amsfonts\umsa.fd"
File: umsa.fd 2009/06/22 v3.00 AMS symbols A
)
LaTeX Font Info:    Try loading font information for U+msb on input line 28.

("C:\Program Files\MiKTeX 2.8\tex\latex\amsfonts\umsb.fd"
File: umsb.fd 2009/06/22 v3.00 AMS symbols B
)
LaTeX Font Info:    Try loading font information for U+lasy on input line 28.

("C:\Program Files\MiKTeX 2.8\tex\latex\base\ulasy.fd"
File: ulasy.fd 1998/08/17 v2.2e LaTeX symbol font definitions
)
LaTeX Font Info:    Try loading font information for U+rsfs on input line 28.

("C:\Program Files\MiKTeX 2.8\tex\latex\jknappen\ursfs.fd"
File: ursfs.fd 1998/03/24 rsfs font definition file (jk)
)
("C:\Users\metodos\Desktop\Algebra Lineal moodle 28.09.2011\Unidad1\Latex\Unida
d1y2.toc"
Overfull \hbox (15.5092pt too wide) in paragraph at lines 17--17
 [][] []\OT1/cmr/m/n/12 Tipos de ma-tri-ces: Cuadra-da, di-ag-o-nal, iden-ti-da
d, simetri- 
 []

[1

{C:/ProgramData/MiKTeX/2.8/pdftex/config/pdftex.map}])
\tf@toc=\write3
 [2]

Package amsfonts Warning: Obsolete command \Bbb; \mathbb should be used instead
 on input line 47.

[1]

pdfTeX warning: pdflatex (file C:/Users/metodos/Desktop/Algebra Lineal moodle 2
8.09.2011/Unidad1/Latex/Alg1.pdf): PDF inclusion: found PDF version <1.6>, but 
at most version <1.4> allowed
<Alg1.pdf, id=22, 367.91855pt x 143.48807pt>
File: Alg1.pdf Graphic file (type pdf)
 <use Alg1.pdf>

LaTeX Warning: `h' float specifier changed to `ht'.

[2]
Underfull \hbox (badness 10000) in paragraph at lines 258--260

 []

[3 <C:/Users/metodos/Desktop/Algebra Lineal moodle 28.09.2011/Unidad1/Latex/Alg
1.pdf>]
Overfull \hbox (16.0153pt too wide) in paragraph at lines 293--294
[]\OT1/cmr/m/n/12 La nor-ma de cua-lesquir-era vec-tores $\OML/cmm/m/it/12 x; y
 \OMS/cmsy/m/n/12 2 \U/msb/m/n/12 R[]$ \OT1/cmr/m/n/12 tiene las sigu-ientes pr
opiedades: 
 []

[4] [5]
Underfull \hbox (badness 10000) in paragraph at lines 426--427

 []


Underfull \hbox (badness 10000) in paragraph at lines 522--523

 []

[6] [7] [8] [1] [2]

! LaTeX Error: Illegal character in array arg.

See the LaTeX manual or LaTeX Companion for explanation.
Type  H <return>  for immediate help.
 ...                                              
                                                  
l.687 \begin{tabular}{|1|r|r|r|}
                                 \hline
? 
[1]

! LaTeX Error: Bad math environment delimiter.

See the LaTeX manual or LaTeX Companion for explanation.
Type  H <return>  for immediate help.
 ...                                              
                                                  
l.763 \begin{equation*}
                       
? 
! Missing \endgroup inserted.
<inserted text> 
                \endgroup 
l.773 \]
        
? 

! LaTeX Error: Bad math environment delimiter.

See the LaTeX manual or LaTeX Companion for explanation.
Type  H <return>  for immediate help.
 ...                                              
                                                  
l.777 \begin{equation*}
                       
? 
! Missing \endgroup inserted.
<inserted text> 
                \endgroup 
l.787 \end{equation*}
                     
? 

! LaTeX Error: Bad math environment delimiter.

See the LaTeX manual or LaTeX Companion for explanation.
Type  H <return>  for immediate help.
 ...                                              
                                                  
l.788 \]
        
? 

! LaTeX Error: \begin{definicion} on input line 759 ended by \end{equation*}.

See the LaTeX manual or LaTeX Companion for explanation.
Type  H <return>  for immediate help.
 ...                                              
                                                  
l.788 \]
        
? 
! Missing $ inserted.
<inserted text> 
                $
l.788 \]
        
? 
! Display math should end with $$.
<to be read again> 
                   \endgroup 
l.788 \]
        
? 
! Extra }, or forgotten $.
l.799 ... = \text{diag}(a_{11},a_{22},...,a_{nn})}
                                                  $, entones $A = A^T$, es
? 
[2]
! Undefined control sequence.
l.869  \texct
             {  y  }
? 

! LaTeX Error: Bad math environment delimiter.

See the LaTeX manual or LaTeX Companion for explanation.
Type  H <return>  for immediate help.
 ...                                              
                                                  
l.888  \hspace{.2cm} \[
                       
? 
! Missing \endgroup inserted.
<inserted text> 
                \endgroup 
l.902 \end{equation*}
                     
? 

! LaTeX Error: Bad math environment delimiter.

See the LaTeX manual or LaTeX Companion for explanation.
Type  H <return>  for immediate help.
 ...                                              
                                                  
l.903 \]
        
? 

! LaTeX Error: \begin{ejemplo} on input line 859 ended by \end{equation*}.

See the LaTeX manual or LaTeX Companion for explanation.
Type  H <return>  for immediate help.
 ...                                              
                                                  
l.903 \]
        
? 
! Missing $ inserted.
<inserted text> 
                $
l.903 \]
        
? 
! Display math should end with $$.
<to be read again> 
                   \endgroup 
l.903 \]
        
? 

! LaTeX Error: \begin{document} ended by \end{ejemplo}.

See the LaTeX manual or LaTeX Companion for explanation.
Type  H <return>  for immediate help.
 ...                                              
                                                  
l.904 \end{ejemplo}
                   
? 
! Extra \endgroup.
<recently read> \endgroup 
                          
l.904 \end{ejemplo}
                   
? 
[3]
! Undefined control sequence.
l.927  \texct
             {  y  }
? 

! LaTeX Error: Bad math environment delimiter.

See the LaTeX manual or LaTeX Companion for explanation.
Type  H <return>  for immediate help.
 ...                                              
                                                  
l.959 \]
        
? 

! LaTeX Error: \begin{ejemplo} on input line 917 ended by \end{equation*}.

See the LaTeX manual or LaTeX Companion for explanation.
Type  H <return>  for immediate help.
 ...                                              
                                                  
l.959 \]
        
? 
! Missing $ inserted.
<inserted text> 
                $
l.959 \]
        
? 
! Display math should end with $$.
<to be read again> 
                   \endgroup 
l.959 \]
        
? 

! LaTeX Error: \begin{document} ended by \end{ejemplo}.

See the LaTeX manual or LaTeX Companion for explanation.
Type  H <return>  for immediate help.
 ...                                              
                                                  
l.969 \end{ejemplo}
                   
? 
! Extra \endgroup.
<recently read> \endgroup 
                          
l.969 \end{ejemplo}
                   
? 
! Undefined control sequence.
l.982  \texct
             {  y  }
? 

! LaTeX Error: Bad math environment delimiter.

See the LaTeX manual or LaTeX Companion for explanation.
Type  H <return>  for immediate help.
 ...                                              
                                                  
l.1015 \]
         
? 

! LaTeX Error: \begin{ejemplo} on input line 971 ended by \end{equation*}.

See the LaTeX manual or LaTeX Companion for explanation.
Type  H <return>  for immediate help.
 ...                                              
                                                  
l.1015 \]
         
? 
! Missing $ inserted.
<inserted text> 
                $
l.1015 \]
         
? 
! Display math should end with $$.
<to be read again> 
                   \endgroup 
l.1015 \]
         
? 

! LaTeX Error: \begin{document} ended by \end{ejemplo}.

See the LaTeX manual or LaTeX Companion for explanation.
Type  H <return>  for immediate help.
 ...                                              
                                                  
l.1026 \end{ejemplo}
                    
? 
! Extra \endgroup.
<recently read> \endgroup 
                          
l.1026 \end{ejemplo}
                    
? 
[4] [5]

! LaTeX Error: \begin{equation*} on input line 1218 ended by \end{equation}.

See the LaTeX manual or LaTeX Companion for explanation.
Type  H <return>  for immediate help.
 ...                                              
                                                  
l.1226 \end{equation}
                     
? 

! LaTeX Error: \begin{equation*} on input line 1230 ended by \end{equation}.

See the LaTeX manual or LaTeX Companion for explanation.
Type  H <return>  for immediate help.
 ...                                              
                                                  
l.1238 \end{equation}
                     
? 

! LaTeX Error: Bad math environment delimiter.

See the LaTeX manual or LaTeX Companion for explanation.
Type  H <return>  for immediate help.
 ...                                              
                                                  
l.1239 \]
         
? 

! LaTeX Error: \begin{ejemplo} on input line 1216 ended by \end{equation*}.

See the LaTeX manual or LaTeX Companion for explanation.
Type  H <return>  for immediate help.
 ...                                              
                                                  
l.1239 \]
         
? 
! Missing $ inserted.
<inserted text> 
                $
l.1239 \]
         
? 
! Display math should end with $$.
<to be read again> 
                   \endgroup 
l.1239 \]
         
? 

! LaTeX Error: \begin{document} ended by \end{ejemplo}.

See the LaTeX manual or LaTeX Companion for explanation.
Type  H <return>  for immediate help.
 ...                                              
                                                  
l.1240 \end{ejemplo}
                    
? 
! Extra \endgroup.
<recently read> \endgroup 
                          
l.1240 \end{ejemplo}
                    
? 
[6] [7] [8]
Underfull \hbox (badness 10000) in paragraph at lines 1528--1529

 []


Underfull \hbox (badness 10000) in paragraph at lines 1562--1563

 []

[9]
Underfull \hbox (badness 10000) in paragraph at lines 1612--1613

 []

! Missing $ inserted.
<inserted text> 
                $
l.1614  Sea A = \left
                     (
? 
! Missing delimiter (. inserted).
<to be read again> 
                   {
l.1655 (-1)^{i+j} = \left{
                          
? 
! Missing } inserted.
<inserted text> 
                }
l.1659 \]
         
? 
! Missing \right. inserted.
<inserted text> 
                \right .
l.1659 \]
         
? 
[10]

! Package amsmath Error: Erroneous nesting of equation structures;
(amsmath)                trying to recover with `aligned'.

See the amsmath package documentation for explanation.
Type  H <return>  for immediate help.
 ...                                              
                                                  
l.1703 \end{align*}
                   
? 
! Limit controls must follow a math operator.
<argument> ...cdots + a_{1n}A_{1n } \\ &= \limits 
                                                  \sum _{k = 1}^{n} a_{1k}A_...
l.1703 \end{align*}
                   
? 
[11]
Overfull \hbox (41.47174pt too wide) in paragraph at lines 1840--1840
[] 
 []

[12]
! Missing $ inserted.
<inserted text> 
                $
l.1870 ...adrada tiene inversa \Longleftrightarrow
                                                  
? 

! LaTeX Error: Command \end{teorema} invalid in math mode.

See the LaTeX manual or LaTeX Companion for explanation.
Type  H <return>  for immediate help.
 ...                                              
                                                  
l.1872 \end{teorema}
                    
? 

! LaTeX Error: Something's wrong--perhaps a missing \item.

See the LaTeX manual or LaTeX Companion for explanation.
Type  H <return>  for immediate help.
 ...                                              
                                                  
l.1872 \end{teorema}
                    
? 

! LaTeX Error: Something's wrong--perhaps a missing \item.

See the LaTeX manual or LaTeX Companion for explanation.
Type  H <return>  for immediate help.
 ...                                              
                                                  
l.1872 \end{teorema}
                    
? 
! Missing $ inserted.
<inserted text> 
                $
l.1872 \end{teorema}
                    
? 
[13]

! LaTeX Error: \begin{equation*} on input line 1904 ended by \end{equation}.

See the LaTeX manual or LaTeX Companion for explanation.
Type  H <return>  for immediate help.
 ...                                              
                                                  
l.1912 \end{equation}
                     
? 

! LaTeX Error: Bad math environment delimiter.

See the LaTeX manual or LaTeX Companion for explanation.
Type  H <return>  for immediate help.
 ...                                              
                                                  
l.1913 \]
         
? 

! LaTeX Error: \begin{ejemplo} on input line 1902 ended by \end{equation*}.

See the LaTeX manual or LaTeX Companion for explanation.
Type  H <return>  for immediate help.
 ...                                              
                                                  
l.1913 \]
         
? 
! Missing $ inserted.
<inserted text> 
                $
l.1913 \]
         
? 
! Display math should end with $$.
<to be read again> 
                   \endgroup 
l.1913 \]
         
? 

! LaTeX Error: \begin{document} ended by \end{ejemplo}.

See the LaTeX manual or LaTeX Companion for explanation.
Type  H <return>  for immediate help.
 ...                                              
                                                  
l.1984 \end{ejemplo}
                    
? 
! Extra \endgroup.
<recently read> \endgroup 
                          
l.1984 \end{ejemplo}
                    
? 
[14] [15]
Underfull \hbox (badness 10000) in paragraph at lines 2034--2035

 []


Underfull \hbox (badness 10000) in paragraph at lines 2037--2050

 []


Underfull \hbox (badness 10000) in paragraph at lines 2071--2072

 []


Underfull \hbox (badness 10000) in paragraph at lines 2130--2143

 []

[1] [2]
Underfull \hbox (badness 10000) in paragraph at lines 2233--2234

 []

[1] [2] <Sistem1.pdf, id=167, 192.72pt x 202.6772pt>
File: Sistem1.pdf Graphic file (type pdf)
 <use Sistem1.pdf> [1]
<Sistem2.pdf, id=171, 192.72pt x 197.13649pt>
File: Sistem2.pdf Graphic file (type pdf)
 <use Sistem2.pdf> [2 <C:/Users/metodos/Desktop/Algebra Lineal moodle 28.09.201
1/Unidad1/Latex/Sistem1.pdf> <C:/Users/metodos/Desktop/Algebra Lineal moodle 28
.09.2011/Unidad1/Latex/Sistem2.pdf>] <Sistem3.pdf, id=185, 192.72pt x 197.13649
pt>
File: Sistem3.pdf Graphic file (type pdf)
 <use Sistem3.pdf> [3 <C:/Users/metodos/Desktop/Algebra Lineal moodle 28.09.201
1/Unidad1/Latex/Sistem3.pdf>]
<Sistem4.pdf, id=193, 192.72pt x 132.86438pt>
File: Sistem4.pdf Graphic file (type pdf)
 <use Sistem4.pdf>

! LaTeX Error: Bad math environment delimiter.

See the LaTeX manual or LaTeX Companion for explanation.
Type  H <return>  for immediate help.
 ...                                              
                                                  
l.2555 \begin{equation*}
                        
? 
! Missing \endgroup inserted.
<inserted text> 
                \endgroup 
l.2578 \]
         
? 

! LaTeX Error: \begin{document} ended by \end{definicion}.

See the LaTeX manual or LaTeX Companion for explanation.
Type  H <return>  for immediate help.
 ...                                              
                                                  
l.2579 \end{definicion}
                       
? 
! Extra \endgroup.
<recently read> \endgroup 
                          
l.2579 \end{definicion}
                       
? 
[4 <C:/Users/metodos/Desktop/Algebra Lineal moodle 28.09.2011/Unidad1/Latex/Sis
tem4.pdf>]

! LaTeX Error: Bad math environment delimiter.

See the LaTeX manual or LaTeX Companion for explanation.
Type  H <return>  for immediate help.
 ...                                              
                                                  
l.2592 \begin{equation*}
                        
? 
! Missing \endgroup inserted.
<inserted text> 
                \endgroup 
l.2612 \]
         
? 

Overfull \hbox (5.94354pt too wide) in paragraph at lines 2623--2623
[]\OT1/cmr/bx/n/12 Meto-dos de solu-cion: For-ma escalon-a-da, el meto-do de
 Gauss-
 []

[5] [6]

! LaTeX Error: Bad math environment delimiter.

See the LaTeX manual or LaTeX Companion for explanation.
Type  H <return>  for immediate help.
 ...                                              
                                                  
l.2715 \begin{equation*}
                        
? 
! Missing \endgroup inserted.
<inserted text> 
                \endgroup 
l.2723 \end{equation*}
                      
? 
! Undefined control sequence.
l.2733  \texct
              {  y  }
? 

! LaTeX Error: Bad math environment delimiter.

See the LaTeX manual or LaTeX Companion for explanation.
Type  H <return>  for immediate help.
 ...                                              
                                                  
l.2743 \]
         
? 

! LaTeX Error: \begin{document} ended by \end{equation*}.

See the LaTeX manual or LaTeX Companion for explanation.
Type  H <return>  for immediate help.
 ...                                              
                                                  
l.2743 \]
         
? 
! Missing $ inserted.
<inserted text> 
                $
l.2743 \]
         
? 
! Display math should end with $$.
<to be read again> 
                   \endgroup 
l.2743 \]
         
? 
! Extra \endgroup.
<recently read> \endgroup 
                          
l.2743 \]
         
? 

! LaTeX Error: Bad math environment delimiter.

See the LaTeX manual or LaTeX Companion for explanation.
Type  H <return>  for immediate help.
 ...                                              
                                                  
l.2761 \begin{equation*}
                        
? 
! Missing \endgroup inserted.
<inserted text> 
                \endgroup 
l.2780 \end{equation}
                     
? 

! LaTeX Error: \begin{equation*} on input line 2759 ended by \end{equation}.

See the LaTeX manual or LaTeX Companion for explanation.
Type  H <return>  for immediate help.
 ...                                              
                                                  
l.2780 \end{equation}
                     
? 

! LaTeX Error: Bad math environment delimiter.

See the LaTeX manual or LaTeX Companion for explanation.
Type  H <return>  for immediate help.
 ...                                              
                                                  
l.2781 \]
         
? 

! LaTeX Error: \begin{ejemplo} on input line 2750 ended by \end{equation*}.

See the LaTeX manual or LaTeX Companion for explanation.
Type  H <return>  for immediate help.
 ...                                              
                                                  
l.2781 \]
         
? 
! Missing $ inserted.
<inserted text> 
                $
l.2781 \]
         
? 
! Display math should end with $$.
<to be read again> 
                   \endgroup 
l.2781 \]
         
? 

! LaTeX Error: Bad math environment delimiter.

See the LaTeX manual or LaTeX Companion for explanation.
Type  H <return>  for immediate help.
 ...                                              
                                                  
l.2785 \begin{equation*}
                        
? 
! Missing \endgroup inserted.
<inserted text> 
                \endgroup 
l.2799 \end{equation}
                     
? 

! LaTeX Error: \begin{equation*} on input line 2783 ended by \end{equation}.

See the LaTeX manual or LaTeX Companion for explanation.
Type  H <return>  for immediate help.
 ...                                              
                                                  
l.2799 \end{equation}
                     
? 

! LaTeX Error: Bad math environment delimiter.

See the LaTeX manual or LaTeX Companion for explanation.
Type  H <return>  for immediate help.
 ...                                              
                                                  
l.2800 \]
         
? 

! LaTeX Error: \begin{document} ended by \end{equation*}.

See the LaTeX manual or LaTeX Companion for explanation.
Type  H <return>  for immediate help.
 ...                                              
                                                  
l.2800 \]
         
? 
! Missing $ inserted.
<inserted text> 
                $
l.2800 \]
         
? 
! Display math should end with $$.
<to be read again> 
                   \endgroup 
l.2800 \]
         
? 
! Extra \endgroup.
<recently read> \endgroup 
                          
l.2800 \]
         
? 

! LaTeX Error: \begin{document} ended by \end{ejemplo}.

See the LaTeX manual or LaTeX Companion for explanation.
Type  H <return>  for immediate help.
 ...                                              
                                                  
l.2802 \end{ejemplo}
                    
? 
! Extra \endgroup.
<recently read> \endgroup 
                          
l.2802 \end{ejemplo}
                    
? 
! Extra }, or forgotten \endgroup.
<recently read> }
                 
l.2805 \textbf{Equilibrio entre oferta y demanda}}
                                                  
? 
[7]

! LaTeX Error: Bad math environment delimiter.

See the LaTeX manual or LaTeX Companion for explanation.
Type  H <return>  for immediate help.
 ...                                              
                                                  
l.2883 \[
         
? 
! Missing \endgroup inserted.
<inserted text> 
                \endgroup 
l.2903 \]
         
? 
[8]

! LaTeX Error: \begin{document} ended by \end{ejemplo}.

See the LaTeX manual or LaTeX Companion for explanation.
Type  H <return>  for immediate help.
 ...                                              
                                                  
l.2912 \end{ejemplo}
                    
? 
! Extra \endgroup.
<recently read> \endgroup 
                          
l.2912 \end{ejemplo}
                    
? 
<O-D.pdf, id=216, 200.75pt x 140.2309pt>
File: O-D.pdf Graphic file (type pdf)
 <use O-D.pdf> [9 <C:/Users/metodos/Desktop/Algebra Lineal moodle 28.09.2011/Un
idad1/Latex/O-D.pdf>]

! LaTeX Error: Bad math environment delimiter.

See the LaTeX manual or LaTeX Companion for explanation.
Type  H <return>  for immediate help.
 ...                                              
                                                  
l.3003 \[
         
? 
! Missing \endgroup inserted.
<inserted text> 
                \endgroup 
l.3023 \]
         
? 
<w-l.pdf, id=226, 200.75pt x 138.20532pt>
File: w-l.pdf Graphic file (type pdf)
 <use w-l.pdf>

LaTeX Warning: `h' float specifier changed to `ht'.

[10]
Underfull \hbox (badness 10000) in paragraph at lines 3054--3056

 []

[11 <C:/Users/metodos/Desktop/Algebra Lineal moodle 28.09.2011/Unidad1/Latex/w-
l.pdf>]

! LaTeX Error: \begin{equation*} on input line 3088 ended by \end{equation}.

See the LaTeX manual or LaTeX Companion for explanation.
Type  H <return>  for immediate help.
 ...                                              
                                                  
l.3107 \end{equation}
                     
? 

! LaTeX Error: Bad math environment delimiter.

See the LaTeX manual or LaTeX Companion for explanation.
Type  H <return>  for immediate help.
 ...                                              
                                                  
l.3108 \]
         
? 

! LaTeX Error: \begin{ejemplo} on input line 3041 ended by \end{equation*}.

See the LaTeX manual or LaTeX Companion for explanation.
Type  H <return>  for immediate help.
 ...                                              
                                                  
l.3108 \]
         
? 
! Missing $ inserted.
<inserted text> 
                $
l.3108 \]
         
? 
! Display math should end with $$.
<to be read again> 
                   \endgroup 
l.3108 \]
         
? 

! LaTeX Error: \begin{document} ended by \end{ejemplo}.

See the LaTeX manual or LaTeX Companion for explanation.
Type  H <return>  for immediate help.
 ...                                              
                                                  
l.3149 \end{ejemplo}
                    
? 
! Extra \endgroup.
<recently read> \endgroup 
                          
l.3149 \end{ejemplo}
                    
? 
<IS-LM.pdf, id=240, 200.75pt x 199.94699pt>
File: IS-LM.pdf Graphic file (type pdf)
 <use IS-LM.pdf>

LaTeX Warning: `h' float specifier changed to `ht'.

[12] [13 <C:/Users/metodos/Desktop/Algebra Lineal moodle 28.09.2011/Unidad1/Lat
ex/IS-LM.pdf>] [14] [15] [16] [17]
! Undefined control sequence.
l.3536    A \textbf{x} = \texttbf
                                 {B}
? 
[18]

! LaTeX Error: \begin{equation*} on input line 3546 ended by \end{equation}.

See the LaTeX manual or LaTeX Companion for explanation.
Type  H <return>  for immediate help.
 ...                                              
                                                  
l.3571 \end{equation}
                     
? 

! LaTeX Error: Bad math environment delimiter.

See the LaTeX manual or LaTeX Companion for explanation.
Type  H <return>  for immediate help.
 ...                                              
                                                  
l.3572 \]
         
? 

! LaTeX Error: \begin{ejemplo} on input line 3510 ended by \end{equation*}.

See the LaTeX manual or LaTeX Companion for explanation.
Type  H <return>  for immediate help.
 ...                                              
                                                  
l.3572 \]
         
? 
! Missing $ inserted.
<inserted text> 
                $
l.3572 \]
         
? 
! Display math should end with $$.
<to be read again> 
                   \endgroup 
l.3572 \]
         
? 

! LaTeX Error: \begin{document} ended by \end{ejemplo}.

See the LaTeX manual or LaTeX Companion for explanation.
Type  H <return>  for immediate help.
 ...                                              
                                                  
l.3673 \end{ejemplo}
                    
? 
! Extra \endgroup.
<recently read> \endgroup 
                          
l.3673 \end{ejemplo}
                    
? 
[19]
Underfull \hbox (badness 10000) in paragraph at lines 3681--3682

 []


Overfull \hbox (0.77928pt too wide) in paragraph at lines 3722--3723
[]\OT1/cmr/m/n/12 Resuelva los sigu-ientes sis-temas de ecua-ciones lin-eales m
e-di-ante el meto-
 []

[1] [2] [3]
Underfull \hbox (badness 10000) in paragraph at lines 3801--3802

 []

[4] [5]
("C:\Users\metodos\Desktop\Algebra Lineal moodle 28.09.2011\Unidad1\Latex\Unida
d1y2.aux")

LaTeX Warning: There were multiply-defined labels.

 ) 
Here is how much of TeX's memory you used:
 2687 strings out of 495285
 33321 string characters out of 3180337
 96960 words of memory out of 3000000
 5839 multiletter control sequences out of 15000+200000
 18042 words of font info for 74 fonts, out of 3000000 for 9000
 14 hyphenation exceptions out of 8191
 27i,15n,27p,602b,323s stack positions out of 5000i,500n,10000p,200000b,50000s
<C:/Program Files/MiKTeX 2.8/fonts/type1/public/amsfonts/cm/cmbx10.pfb><C:/Pr
ogram Files/MiKTeX 2.8/fonts/type1/public/amsfonts/cm/cmbx12.pfb><C:/Program Fi
les/MiKTeX 2.8/fonts/type1/public/amsfonts/cm/cmbxti10.pfb><C:/Program Files/Mi
KTeX 2.8/fonts/type1/public/amsfonts/cm/cmex10.pfb><C:/Program Files/MiKTeX 2.8
/fonts/type1/public/amsfonts/cm/cmmi10.pfb><C:/Program Files/MiKTeX 2.8/fonts/t
ype1/public/amsfonts/cm/cmmi12.pfb><C:/Program Files/MiKTeX 2.8/fonts/type1/pub
lic/amsfonts/cm/cmmi8.pfb><C:/Program Files/MiKTeX 2.8/fonts/type1/public/amsfo
nts/cm/cmmib10.pfb><C:/Program Files/MiKTeX 2.8/fonts/type1/public/amsfonts/cm/
cmr10.pfb><C:/Program Files/MiKTeX 2.8/fonts/type1/public/amsfonts/cm/cmr12.pfb
><C:/Program Files/MiKTeX 2.8/fonts/type1/public/amsfonts/cm/cmr17.pfb><C:/Prog
ram Files/MiKTeX 2.8/fonts/type1/public/amsfonts/cm/cmr6.pfb><C:/Program Files/
MiKTeX 2.8/fonts/type1/public/amsfonts/cm/cmr8.pfb><C:/Program Files/MiKTeX 2.8
/fonts/type1/public/amsfonts/cm/cmsl12.pfb><C:/Program Files/MiKTeX 2.8/fonts/t
ype1/public/amsfonts/cm/cmsy10.pfb><C:/Program Files/MiKTeX 2.8/fonts/type1/pub
lic/amsfonts/cm/cmsy8.pfb><C:/Program Files/MiKTeX 2.8/fonts/type1/public/amsfo
nts/cm/cmti12.pfb><C:/Program Files/MiKTeX 2.8/fonts/type1/public/amsfonts/symb
ols/msbm10.pfb>
Output written on Unidad1y2.pdf (55 pages, 434504 bytes).
PDF statistics:
 335 PDF objects out of 1000 (max. 8388607)
 0 named destinations out of 1000 (max. 500000)
 41 words of extra memory for PDF output out of 10000 (max. 10000000)

